

HI-TECH Software PIC LITE Macro Assembler V9.83 build 10920 
                                                                                               Wed Oct 24 16:13:59 2018

HI-TECH Software Omniscient Code Generator (Lite mode) build 10920
     1  0000                     opt subtitle "HI-TECH Software Omniscient Code Generator (Lite mode) build 10920"
     2                           
     3                           opt pagewidth 120
     4                           
     5                           	opt lm
     6                           
     7                           	processor	16F877A
     8                           clrc	macro
     9                           	bcf	3,0
    10  0000                     	endm
    11                           clrz	macro
    12                           	bcf	3,2
    13  0000                     	endm
    14                           setc	macro
    15                           	bsf	3,0
    16  0000                     	endm
    17                           setz	macro
    18                           	bsf	3,2
    19  0000                     	endm
    20                           skipc	macro
    21                           	btfss	3,0
    22  0000                     	endm
    23                           skipz	macro
    24                           	btfss	3,2
    25  0000                     	endm
    26                           skipnc	macro
    27                           	btfsc	3,0
    28  0000                     	endm
    29                           skipnz	macro
    30                           	btfsc	3,2
    31  0000                     	endm
    32  0000                     indf	equ	0
    33  0000                     indf0	equ	0
    34  0002                     pc	equ	2
    35  0002                     pcl	equ	2
    36  0003                     status	equ	3
    37  0004                     fsr	equ	4
    38  0004                     fsr0	equ	4
    39  0001                     c	equ	1
    40  0000                     z	equ	0
    41  000A                     pclath	equ	10
    42                           # 4 "E:\02-CODING\05-LYCASOFT CODING\02-CODING\27-SERVO MOTOR\CODE\SERVO MOTOR.c"
    43                           	psect config,class=CONFIG,delta=2 ;#
    44                           # 4 "E:\02-CODING\05-LYCASOFT CODING\02-CODING\27-SERVO MOTOR\CODE\SERVO MOTOR.c"
    45  2007  3F3A               	dw 0X3F3A ;#
    46                           	FNCALL	_main,_Rotation0
    47                           	FNCALL	_main,_Rotation90
    48                           	FNCALL	_main,_Rotation180
    49                           	FNROOT	_main
    50                           	global	_PORTB
    51                           psect	text100,local,class=CODE,delta=2
    52                           global __ptext100
    53  0000                     __ptext100:
    54  0006                     _PORTB	set	6
    55                           	global	_CARRY
    56  0018                     _CARRY	set	24
    57                           	global	_GIE
    58  005F                     _GIE	set	95
    59                           	global	_TRISB
    60  0086                     _TRISB	set	134
    61                           	global	_EEADR
    62  010D                     _EEADR	set	269
    63                           	global	_EEDATA
    64  010C                     _EEDATA	set	268
    65                           	global	_EECON1
    66  018C                     _EECON1	set	396
    67                           	global	_EECON2
    68  018D                     _EECON2	set	397
    69                           	global	_RD
    70  0C60                     _RD	set	3168
    71                           	global	_WR
    72  0C61                     _WR	set	3169
    73                           	global	_WREN
    74  0C62                     _WREN	set	3170
    75                           	file	"SERVO MOTOR.as"
    76                           	line	#
    77                           psect cinit,class=CODE,delta=2
    78                           global start_initialization
    79  071A                     start_initialization:
    80                           
    81                           psect cinit,class=CODE,delta=2
    82                           global end_of_initialization
    83                           
    84                           ;End of C runtime variable initialization code
    85                           
    86  071A                     end_of_initialization:
    87  071A  0183               clrf status
    88  071B  120A  118A  2FC1   ljmp _main	;jump to C main() function
    89                           psect	cstackCOMMON,class=COMMON,space=1
    90                           global __pcstackCOMMON
    91  0070                     __pcstackCOMMON:
    92                           	global	?_Rotation0
    93  0070                     ?_Rotation0:	; 0 bytes @ 0x0
    94                           	global	??_Rotation0
    95  0070                     ??_Rotation0:	; 0 bytes @ 0x0
    96                           	global	?_Rotation90
    97  0070                     ?_Rotation90:	; 0 bytes @ 0x0
    98                           	global	??_Rotation90
    99  0070                     ??_Rotation90:	; 0 bytes @ 0x0
   100                           	global	?_Rotation180
   101  0070                     ?_Rotation180:	; 0 bytes @ 0x0
   102                           	global	??_Rotation180
   103  0070                     ??_Rotation180:	; 0 bytes @ 0x0
   104                           	global	?_main
   105  0070                     ?_main:	; 0 bytes @ 0x0
   106  0070                     	ds	2
   107                           	global	Rotation0@i
   108  0072                     Rotation0@i:	; 2 bytes @ 0x2
   109                           	global	Rotation90@i
   110  0072                     Rotation90@i:	; 2 bytes @ 0x2
   111                           	global	Rotation180@i
   112  0072                     Rotation180@i:	; 2 bytes @ 0x2
   113  0072                     	ds	2
   114                           	global	??_main
   115  0074                     ??_main:	; 0 bytes @ 0x4
   116  0074                     	ds	3
   117 ;;Data sizes: Strings 0, constant 0, data 0, bss 0, persistent 0 stack 0
   118 ;;Auto spaces:   Size  Autos    Used
   119 ;; COMMON          14      7       7
   120 ;; BANK0           80      0       0
   121 ;; BANK1           80      0       0
   122 ;; BANK3           96      0       0
   123 ;; BANK2           96      0       0
   124                           
   125 ;;
   126 ;; Pointer list with targets:
   127                           
   128                           
   129                           
   130 ;;
   131 ;; Critical Paths under _main in COMMON
   132 ;;
   133 ;;   _main->_Rotation0
   134 ;;   _main->_Rotation90
   135 ;;   _main->_Rotation180
   136 ;;
   137 ;; Critical Paths under _main in BANK0
   138 ;;
   139 ;;   None.
   140 ;;
   141 ;; Critical Paths under _main in BANK1
   142 ;;
   143 ;;   None.
   144 ;;
   145 ;; Critical Paths under _main in BANK3
   146 ;;
   147 ;;   None.
   148 ;;
   149 ;; Critical Paths under _main in BANK2
   150 ;;
   151 ;;   None.
   152                           
   153 ;;
   154 ;;Main: autosize = 0, tempsize = 3, incstack = 0, save=0
   155 ;;
   156                           
   157 ;;
   158 ;;Call Graph Tables:
   159 ;;
   160 ;; ---------------------------------------------------------------------------------
   161 ;; (Depth) Function   	        Calls       Base Space   Used Autos Params    Refs
   162 ;; ---------------------------------------------------------------------------------
   163 ;; (0) _main                                                 3     3      0      90
   164 ;;                                              4 COMMON     3     3      0
   165 ;;                          _Rotation0
   166 ;;                         _Rotation90
   167 ;;                        _Rotation180
   168 ;; ---------------------------------------------------------------------------------
   169 ;; (1) _Rotation180                                          4     4      0      30
   170 ;;                                              0 COMMON     4     4      0
   171 ;; ---------------------------------------------------------------------------------
   172 ;; (1) _Rotation90                                           4     4      0      30
   173 ;;                                              0 COMMON     4     4      0
   174 ;; ---------------------------------------------------------------------------------
   175 ;; (1) _Rotation0                                            4     4      0      30
   176 ;;                                              0 COMMON     4     4      0
   177 ;; ---------------------------------------------------------------------------------
   178 ;; Estimated maximum stack depth 1
   179 ;; ---------------------------------------------------------------------------------
   180                           
   181 ;; Call Graph Graphs:
   182                           
   183 ;; _main (ROOT)
   184 ;;   _Rotation0
   185 ;;   _Rotation90
   186 ;;   _Rotation180
   187 ;;
   188                           
   189 ;; Address spaces:
   190                           
   191 ;;Name               Size   Autos  Total    Cost      Usage
   192 ;;BITCOMMON            E      0       0       0        0.0%
   193 ;;EEDATA             100      0       0       0        0.0%
   194 ;;NULL                 0      0       0       0        0.0%
   195 ;;CODE                 0      0       0       0        0.0%
   196 ;;COMMON               E      7       7       1       50.0%
   197 ;;BITSFR0              0      0       0       1        0.0%
   198 ;;SFR0                 0      0       0       1        0.0%
   199 ;;BITSFR1              0      0       0       2        0.0%
   200 ;;SFR1                 0      0       0       2        0.0%
   201 ;;STACK                0      0       1       2        0.0%
   202 ;;ABS                  0      0       0       3        0.0%
   203 ;;BITBANK0            50      0       0       4        0.0%
   204 ;;BITSFR3              0      0       0       4        0.0%
   205 ;;SFR3                 0      0       0       4        0.0%
   206 ;;BANK0               50      0       0       5        0.0%
   207 ;;BITSFR2              0      0       0       5        0.0%
   208 ;;SFR2                 0      0       0       5        0.0%
   209 ;;BITBANK1            50      0       0       6        0.0%
   210 ;;BANK1               50      0       0       7        0.0%
   211 ;;BITBANK3            60      0       0       8        0.0%
   212 ;;BANK3               60      0       0       9        0.0%
   213 ;;BITBANK2            60      0       0      10        0.0%
   214 ;;BANK2               60      0       0      11        0.0%
   215 ;;DATA                 0      0       0      12        0.0%
   216                           
   217                           	global	_main
   218                           psect	maintext,global,class=CODE,delta=2
   219                           global __pmaintext
   220  07C1                     __pmaintext:
   221                           
   222 ;; *************** function _main *****************
   223 ;; Defined at:
   224 ;;		line 42 in file "E:\02-CODING\05-LYCASOFT CODING\02-CODING\27-SERVO MOTOR\CODE\SERVO MOTOR.c"
   225 ;; Parameters:    Size  Location     Type
   226 ;;		None
   227 ;; Auto vars:     Size  Location     Type
   228 ;;		None
   229 ;; Return value:  Size  Location     Type
   230 ;;		None               void
   231 ;; Registers used:
   232 ;;		wreg, status,2, status,0, pclath, cstack
   233 ;; Tracked objects:
   234 ;;		On entry : 17F/0
   235 ;;		On exit  : 0/0
   236 ;;		Unchanged: 0/0
   237 ;; Data sizes:     COMMON   BANK0   BANK1   BANK3   BANK2
   238 ;;      Params:         0       0       0       0       0
   239 ;;      Locals:         0       0       0       0       0
   240 ;;      Temps:          3       0       0       0       0
   241 ;;      Totals:         3       0       0       0       0
   242 ;;Total ram usage:        3 bytes
   243 ;; Hardware stack levels required when called:    1
   244 ;; This function calls:
   245 ;;		_Rotation0
   246 ;;		_Rotation90
   247 ;;		_Rotation180
   248 ;; This function is called by:
   249 ;;		Startup code after reset
   250 ;; This function uses a non-reentrant model
   251 ;;
   252                           psect	maintext
   253                           	file	"E:\02-CODING\05-LYCASOFT CODING\02-CODING\27-SERVO MOTOR\CODE\SERVO MOTOR.c"
   254                           	line	42
   255                           	global	__size_of_main
   256  003F                     	__size_of_main	equ	__end_of_main-_main
   257                           	
   258  07C1                     _main:	
   259                           	opt	stack 7
   260                           ; Regs used in _main: [wreg+status,2+status,0+pclath+cstack]
   261                           	line	43
   262                           	
   263  07C1                     l2658:	
   264                           ;SERVO MOTOR.c: 43: TRISB=0X00;
   265  07C1  1683               	bsf	status, 5	;RP0=1, select bank1
   266  07C2  1303               	bcf	status, 6	;RP1=0, select bank1
   267  07C3  0186               	clrf	(134)^080h	;volatile
   268                           	line	44
   269                           ;SERVO MOTOR.c: 44: PORTB=0X00;
   270  07C4  1283               	bcf	status, 5	;RP0=0, select bank0
   271  07C5  1303               	bcf	status, 6	;RP1=0, select bank0
   272  07C6  0186               	clrf	(6)	;volatile
   273  07C7  2FC8               	goto	l2660
   274                           	line	45
   275                           ;SERVO MOTOR.c: 45: while(1)
   276                           	
   277  07C8                     l702:	
   278                           	line	47
   279                           	
   280  07C8                     l2660:	
   281                           ;SERVO MOTOR.c: 46: {
   282                           ;SERVO MOTOR.c: 47: Rotation0();
   283  07C8  120A  118A  271E   	fcall	_Rotation0
              120A  118A         
   284                           	line	48
   285                           	
   286  07CD                     l2662:	
   287                           ;SERVO MOTOR.c: 48: _delay((unsigned long)((1000)*(29e6/4000.0)));
   288                           	opt asmopt_off
   289  07CD  3025               movlw  37
   290  07CE  00F6               movwf	((??_main+0)+0+2),f
   291  07CF  30C8               movlw	200
   292  07D0  00F5               movwf	((??_main+0)+0+1),f
   293  07D1  309E               	movlw	158
   294  07D2  00F4               movwf	((??_main+0)+0),f
   295  07D3                     u2287:
   296  07D3  0BF4               	decfsz	((??_main+0)+0),f
   297  07D4  2FD3               	goto	u2287
   298  07D5  0BF5               	decfsz	((??_main+0)+0+1),f
   299  07D6  2FD3               	goto	u2287
   300  07D7  0BF6               	decfsz	((??_main+0)+0+2),f
   301  07D8  2FD3               	goto	u2287
   302                           opt asmopt_on
   303                           
   304                           	line	49
   305                           	
   306  07D9                     l2664:	
   307                           ;SERVO MOTOR.c: 49: Rotation90();
   308  07D9  120A  118A  2754   	fcall	_Rotation90
              120A  118A         
   309                           	line	50
   310                           	
   311  07DE                     l2666:	
   312                           ;SERVO MOTOR.c: 50: _delay((unsigned long)((1000)*(29e6/4000.0)));
   313                           	opt asmopt_off
   314  07DE  3025               movlw  37
   315  07DF  00F6               movwf	((??_main+0)+0+2),f
   316  07E0  30C8               movlw	200
   317  07E1  00F5               movwf	((??_main+0)+0+1),f
   318  07E2  309E               	movlw	158
   319  07E3  00F4               movwf	((??_main+0)+0),f
   320  07E4                     u2297:
   321  07E4  0BF4               	decfsz	((??_main+0)+0),f
   322  07E5  2FE4               	goto	u2297
   323  07E6  0BF5               	decfsz	((??_main+0)+0+1),f
   324  07E7  2FE4               	goto	u2297
   325  07E8  0BF6               	decfsz	((??_main+0)+0+2),f
   326  07E9  2FE4               	goto	u2297
   327                           opt asmopt_on
   328                           
   329                           	line	51
   330                           	
   331  07EA                     l2668:	
   332                           ;SERVO MOTOR.c: 51: Rotation180();
   333  07EA  120A  118A  278A   	fcall	_Rotation180
              120A  118A         
   334                           	line	52
   335                           	
   336  07EF                     l2670:	
   337                           ;SERVO MOTOR.c: 52: _delay((unsigned long)((1000)*(29e6/4000.0)));
   338                           	opt asmopt_off
   339  07EF  3025               movlw  37
   340  07F0  00F6               movwf	((??_main+0)+0+2),f
   341  07F1  30C8               movlw	200
   342  07F2  00F5               movwf	((??_main+0)+0+1),f
   343  07F3  309E               	movlw	158
   344  07F4  00F4               movwf	((??_main+0)+0),f
   345  07F5                     u2307:
   346  07F5  0BF4               	decfsz	((??_main+0)+0),f
   347  07F6  2FF5               	goto	u2307
   348  07F7  0BF5               	decfsz	((??_main+0)+0+1),f
   349  07F8  2FF5               	goto	u2307
   350  07F9  0BF6               	decfsz	((??_main+0)+0+2),f
   351  07FA  2FF5               	goto	u2307
   352                           opt asmopt_on
   353                           
   354  07FB  2FC8               	goto	l2660
   355                           	line	53
   356                           	
   357  07FC                     l703:	
   358                           	line	45
   359  07FC  2FC8               	goto	l2660
   360                           	
   361  07FD                     l704:	
   362                           	line	54
   363                           	
   364  07FD                     l705:	
   365                           	global	start
   366  07FD  120A  118A  2800   	ljmp	start
   367                           	opt stack 0
   368                           GLOBAL	__end_of_main
   369  0800                     	__end_of_main:
   370 ;; =============== function _main ends ============
   371                           
   372                           	signat	_main,88
   373                           	global	_Rotation180
   374                           psect	text101,local,class=CODE,delta=2
   375                           global __ptext101
   376  078A                     __ptext101:
   377                           
   378 ;; *************** function _Rotation180 *****************
   379 ;; Defined at:
   380 ;;		line 30 in file "E:\02-CODING\05-LYCASOFT CODING\02-CODING\27-SERVO MOTOR\CODE\SERVO MOTOR.c"
   381 ;; Parameters:    Size  Location     Type
   382 ;;		None
   383 ;; Auto vars:     Size  Location     Type
   384 ;;  i               2    2[COMMON] unsigned int 
   385 ;; Return value:  Size  Location     Type
   386 ;;		None               void
   387 ;; Registers used:
   388 ;;		wreg, status,2
   389 ;; Tracked objects:
   390 ;;		On entry : 0/0
   391 ;;		On exit  : 0/0
   392 ;;		Unchanged: 0/0
   393 ;; Data sizes:     COMMON   BANK0   BANK1   BANK3   BANK2
   394 ;;      Params:         0       0       0       0       0
   395 ;;      Locals:         2       0       0       0       0
   396 ;;      Temps:          2       0       0       0       0
   397 ;;      Totals:         4       0       0       0       0
   398 ;;Total ram usage:        4 bytes
   399 ;; Hardware stack levels used:    1
   400 ;; This function calls:
   401 ;;		Nothing
   402 ;; This function is called by:
   403 ;;		_main
   404 ;; This function uses a non-reentrant model
   405 ;;
   406                           psect	text101
   407                           	file	"E:\02-CODING\05-LYCASOFT CODING\02-CODING\27-SERVO MOTOR\CODE\SERVO MOTOR.c"
   408                           	line	30
   409                           	global	__size_of_Rotation180
   410  0037                     	__size_of_Rotation180	equ	__end_of_Rotation180-_Rotation180
   411                           	
   412  078A                     _Rotation180:	
   413                           	opt	stack 7
   414                           ; Regs used in _Rotation180: [wreg+status,2]
   415                           	line	32
   416                           	
   417  078A                     l2642:	
   418                           ;SERVO MOTOR.c: 31: unsigned int i;
   419                           ;SERVO MOTOR.c: 32: for(i=0;i<50;i++)
   420  078A  01F2               	clrf	(Rotation180@i)
   421  078B  01F3               	clrf	(Rotation180@i+1)
   422                           	
   423  078C                     l2644:	
   424  078C  3000               	movlw	high(032h)
   425  078D  0273               	subwf	(Rotation180@i+1),w
   426  078E  3032               	movlw	low(032h)
   427  078F  1903               	skipnz
   428  0790  0272               	subwf	(Rotation180@i),w
   429  0791  1C03               	skipc
   430  0792  2F94               	goto	u2261
   431  0793  2F95               	goto	u2260
   432  0794                     u2261:
   433  0794  2F97               	goto	l2648
   434  0795                     u2260:
   435  0795  2FC0               	goto	l699
   436                           	
   437  0796                     l2646:	
   438  0796  2FC0               	goto	l699
   439                           	line	33
   440                           	
   441  0797                     l697:	
   442                           	line	34
   443                           	
   444  0797                     l2648:	
   445                           ;SERVO MOTOR.c: 33: {
   446                           ;SERVO MOTOR.c: 34: PORTB = 0x01;
   447  0797  3001               	movlw	(01h)
   448  0798  1283               	bcf	status, 5	;RP0=0, select bank0
   449  0799  1303               	bcf	status, 6	;RP1=0, select bank0
   450  079A  0086               	movwf	(6)	;volatile
   451                           	line	35
   452                           ;SERVO MOTOR.c: 35: _delay((unsigned long)((2200)*(29e6/4000000.0)));
   453                           	opt asmopt_off
   454  079B  3015               movlw	21
   455  079C  00F1               movwf	((??_Rotation180+0)+0+1),f
   456  079D  30B5               	movlw	181
   457  079E  00F0               movwf	((??_Rotation180+0)+0),f
   458  079F                     u2317:
   459  079F  0BF0               	decfsz	((??_Rotation180+0)+0),f
   460  07A0  2F9F               	goto	u2317
   461  07A1  0BF1               	decfsz	((??_Rotation180+0)+0+1),f
   462  07A2  2F9F               	goto	u2317
   463  07A3  2FA4               	nop2
   464                           opt asmopt_on
   465                           
   466                           	line	36
   467                           	
   468  07A4                     l2650:	
   469                           ;SERVO MOTOR.c: 36: PORTB = 0x00;
   470  07A4  1283               	bcf	status, 5	;RP0=0, select bank0
   471  07A5  1303               	bcf	status, 6	;RP1=0, select bank0
   472  07A6  0186               	clrf	(6)	;volatile
   473                           	line	37
   474                           	
   475  07A7                     l2652:	
   476                           ;SERVO MOTOR.c: 37: _delay((unsigned long)((17800)*(29e6/4000000.0)));
   477                           	opt asmopt_off
   478  07A7  30A8               movlw	168
   479  07A8  00F1               movwf	((??_Rotation180+0)+0+1),f
   480  07A9  3097               	movlw	151
   481  07AA  00F0               movwf	((??_Rotation180+0)+0),f
   482  07AB                     u2327:
   483  07AB  0BF0               	decfsz	((??_Rotation180+0)+0),f
   484  07AC  2FAB               	goto	u2327
   485  07AD  0BF1               	decfsz	((??_Rotation180+0)+0+1),f
   486  07AE  2FAB               	goto	u2327
   487  07AF  2FB0               	nop2
   488                           opt asmopt_on
   489                           
   490                           	line	32
   491                           	
   492  07B0                     l2654:	
   493  07B0  3001               	movlw	low(01h)
   494  07B1  07F2               	addwf	(Rotation180@i),f
   495  07B2  1803               	skipnc
   496  07B3  0AF3               	incf	(Rotation180@i+1),f
   497  07B4  3000               	movlw	high(01h)
   498  07B5  07F3               	addwf	(Rotation180@i+1),f
   499                           	
   500  07B6                     l2656:	
   501  07B6  3000               	movlw	high(032h)
   502  07B7  0273               	subwf	(Rotation180@i+1),w
   503  07B8  3032               	movlw	low(032h)
   504  07B9  1903               	skipnz
   505  07BA  0272               	subwf	(Rotation180@i),w
   506  07BB  1C03               	skipc
   507  07BC  2FBE               	goto	u2271
   508  07BD  2FBF               	goto	u2270
   509  07BE                     u2271:
   510  07BE  2F97               	goto	l2648
   511  07BF                     u2270:
   512  07BF  2FC0               	goto	l699
   513                           	
   514  07C0                     l698:	
   515                           	line	39
   516                           	
   517  07C0                     l699:	
   518  07C0  0008               	return
   519                           	opt stack 0
   520                           GLOBAL	__end_of_Rotation180
   521  07C1                     	__end_of_Rotation180:
   522 ;; =============== function _Rotation180 ends ============
   523                           
   524                           	signat	_Rotation180,88
   525                           	global	_Rotation90
   526                           psect	text102,local,class=CODE,delta=2
   527                           global __ptext102
   528  0754                     __ptext102:
   529                           
   530 ;; *************** function _Rotation90 *****************
   531 ;; Defined at:
   532 ;;		line 18 in file "E:\02-CODING\05-LYCASOFT CODING\02-CODING\27-SERVO MOTOR\CODE\SERVO MOTOR.c"
   533 ;; Parameters:    Size  Location     Type
   534 ;;		None
   535 ;; Auto vars:     Size  Location     Type
   536 ;;  i               2    2[COMMON] unsigned int 
   537 ;; Return value:  Size  Location     Type
   538 ;;		None               void
   539 ;; Registers used:
   540 ;;		wreg, status,2
   541 ;; Tracked objects:
   542 ;;		On entry : 0/0
   543 ;;		On exit  : 0/0
   544 ;;		Unchanged: 0/0
   545 ;; Data sizes:     COMMON   BANK0   BANK1   BANK3   BANK2
   546 ;;      Params:         0       0       0       0       0
   547 ;;      Locals:         2       0       0       0       0
   548 ;;      Temps:          2       0       0       0       0
   549 ;;      Totals:         4       0       0       0       0
   550 ;;Total ram usage:        4 bytes
   551 ;; Hardware stack levels used:    1
   552 ;; This function calls:
   553 ;;		Nothing
   554 ;; This function is called by:
   555 ;;		_main
   556 ;; This function uses a non-reentrant model
   557 ;;
   558                           psect	text102
   559                           	file	"E:\02-CODING\05-LYCASOFT CODING\02-CODING\27-SERVO MOTOR\CODE\SERVO MOTOR.c"
   560                           	line	18
   561                           	global	__size_of_Rotation90
   562  0036                     	__size_of_Rotation90	equ	__end_of_Rotation90-_Rotation90
   563                           	
   564  0754                     _Rotation90:	
   565                           	opt	stack 7
   566                           ; Regs used in _Rotation90: [wreg+status,2]
   567                           	line	20
   568                           	
   569  0754                     l2626:	
   570                           ;SERVO MOTOR.c: 19: unsigned int i;
   571                           ;SERVO MOTOR.c: 20: for(i=0;i<50;i++)
   572  0754  01F2               	clrf	(Rotation90@i)
   573  0755  01F3               	clrf	(Rotation90@i+1)
   574                           	
   575  0756                     l2628:	
   576  0756  3000               	movlw	high(032h)
   577  0757  0273               	subwf	(Rotation90@i+1),w
   578  0758  3032               	movlw	low(032h)
   579  0759  1903               	skipnz
   580  075A  0272               	subwf	(Rotation90@i),w
   581  075B  1C03               	skipc
   582  075C  2F5E               	goto	u2241
   583  075D  2F5F               	goto	u2240
   584  075E                     u2241:
   585  075E  2F61               	goto	l2632
   586  075F                     u2240:
   587  075F  2F89               	goto	l694
   588                           	
   589  0760                     l2630:	
   590  0760  2F89               	goto	l694
   591                           	line	21
   592                           	
   593  0761                     l692:	
   594                           	line	22
   595                           	
   596  0761                     l2632:	
   597                           ;SERVO MOTOR.c: 21: {
   598                           ;SERVO MOTOR.c: 22: PORTB = 0x01;
   599  0761  3001               	movlw	(01h)
   600  0762  1283               	bcf	status, 5	;RP0=0, select bank0
   601  0763  1303               	bcf	status, 6	;RP1=0, select bank0
   602  0764  0086               	movwf	(6)	;volatile
   603                           	line	23
   604                           ;SERVO MOTOR.c: 23: _delay((unsigned long)((1500)*(29e6/4000000.0)));
   605                           	opt asmopt_off
   606  0765  300F               movlw	15
   607  0766  00F1               movwf	((??_Rotation90+0)+0+1),f
   608  0767  301E               	movlw	30
   609  0768  00F0               movwf	((??_Rotation90+0)+0),f
   610  0769                     u2337:
   611  0769  0BF0               	decfsz	((??_Rotation90+0)+0),f
   612  076A  2F69               	goto	u2337
   613  076B  0BF1               	decfsz	((??_Rotation90+0)+0+1),f
   614  076C  2F69               	goto	u2337
   615                           opt asmopt_on
   616                           
   617                           	line	24
   618                           	
   619  076D                     l2634:	
   620                           ;SERVO MOTOR.c: 24: PORTB = 0x00;
   621  076D  1283               	bcf	status, 5	;RP0=0, select bank0
   622  076E  1303               	bcf	status, 6	;RP1=0, select bank0
   623  076F  0186               	clrf	(6)	;volatile
   624                           	line	25
   625                           	
   626  0770                     l2636:	
   627                           ;SERVO MOTOR.c: 25: _delay((unsigned long)((18500)*(29e6/4000000.0)));
   628                           	opt asmopt_off
   629  0770  30AF               movlw	175
   630  0771  00F1               movwf	((??_Rotation90+0)+0+1),f
   631  0772  302E               	movlw	46
   632  0773  00F0               movwf	((??_Rotation90+0)+0),f
   633  0774                     u2347:
   634  0774  0BF0               	decfsz	((??_Rotation90+0)+0),f
   635  0775  2F74               	goto	u2347
   636  0776  0BF1               	decfsz	((??_Rotation90+0)+0+1),f
   637  0777  2F74               	goto	u2347
   638  0778  2F79               	nop2
   639                           opt asmopt_on
   640                           
   641                           	line	20
   642                           	
   643  0779                     l2638:	
   644  0779  3001               	movlw	low(01h)
   645  077A  07F2               	addwf	(Rotation90@i),f
   646  077B  1803               	skipnc
   647  077C  0AF3               	incf	(Rotation90@i+1),f
   648  077D  3000               	movlw	high(01h)
   649  077E  07F3               	addwf	(Rotation90@i+1),f
   650                           	
   651  077F                     l2640:	
   652  077F  3000               	movlw	high(032h)
   653  0780  0273               	subwf	(Rotation90@i+1),w
   654  0781  3032               	movlw	low(032h)
   655  0782  1903               	skipnz
   656  0783  0272               	subwf	(Rotation90@i),w
   657  0784  1C03               	skipc
   658  0785  2F87               	goto	u2251
   659  0786  2F88               	goto	u2250
   660  0787                     u2251:
   661  0787  2F61               	goto	l2632
   662  0788                     u2250:
   663  0788  2F89               	goto	l694
   664                           	
   665  0789                     l693:	
   666                           	line	27
   667                           	
   668  0789                     l694:	
   669  0789  0008               	return
   670                           	opt stack 0
   671                           GLOBAL	__end_of_Rotation90
   672  078A                     	__end_of_Rotation90:
   673 ;; =============== function _Rotation90 ends ============
   674                           
   675                           	signat	_Rotation90,88
   676                           	global	_Rotation0
   677                           psect	text103,local,class=CODE,delta=2
   678                           global __ptext103
   679  071E                     __ptext103:
   680                           
   681 ;; *************** function _Rotation0 *****************
   682 ;; Defined at:
   683 ;;		line 7 in file "E:\02-CODING\05-LYCASOFT CODING\02-CODING\27-SERVO MOTOR\CODE\SERVO MOTOR.c"
   684 ;; Parameters:    Size  Location     Type
   685 ;;		None
   686 ;; Auto vars:     Size  Location     Type
   687 ;;  i               2    2[COMMON] unsigned int 
   688 ;; Return value:  Size  Location     Type
   689 ;;		None               void
   690 ;; Registers used:
   691 ;;		wreg, status,2
   692 ;; Tracked objects:
   693 ;;		On entry : 0/0
   694 ;;		On exit  : 0/0
   695 ;;		Unchanged: 0/0
   696 ;; Data sizes:     COMMON   BANK0   BANK1   BANK3   BANK2
   697 ;;      Params:         0       0       0       0       0
   698 ;;      Locals:         2       0       0       0       0
   699 ;;      Temps:          2       0       0       0       0
   700 ;;      Totals:         4       0       0       0       0
   701 ;;Total ram usage:        4 bytes
   702 ;; Hardware stack levels used:    1
   703 ;; This function calls:
   704 ;;		Nothing
   705 ;; This function is called by:
   706 ;;		_main
   707 ;; This function uses a non-reentrant model
   708 ;;
   709                           psect	text103
   710                           	file	"E:\02-CODING\05-LYCASOFT CODING\02-CODING\27-SERVO MOTOR\CODE\SERVO MOTOR.c"
   711                           	line	7
   712                           	global	__size_of_Rotation0
   713  0036                     	__size_of_Rotation0	equ	__end_of_Rotation0-_Rotation0
   714                           	
   715  071E                     _Rotation0:	
   716                           	opt	stack 7
   717                           ; Regs used in _Rotation0: [wreg+status,2]
   718                           	line	9
   719                           	
   720  071E                     l2610:	
   721                           ;SERVO MOTOR.c: 8: unsigned int i;
   722                           ;SERVO MOTOR.c: 9: for(i=0;i<50;i++)
   723  071E  01F2               	clrf	(Rotation0@i)
   724  071F  01F3               	clrf	(Rotation0@i+1)
   725                           	
   726  0720                     l2612:	
   727  0720  3000               	movlw	high(032h)
   728  0721  0273               	subwf	(Rotation0@i+1),w
   729  0722  3032               	movlw	low(032h)
   730  0723  1903               	skipnz
   731  0724  0272               	subwf	(Rotation0@i),w
   732  0725  1C03               	skipc
   733  0726  2F28               	goto	u2221
   734  0727  2F29               	goto	u2220
   735  0728                     u2221:
   736  0728  2F2B               	goto	l2616
   737  0729                     u2220:
   738  0729  2F53               	goto	l689
   739                           	
   740  072A                     l2614:	
   741  072A  2F53               	goto	l689
   742                           	line	10
   743                           	
   744  072B                     l687:	
   745                           	line	11
   746                           	
   747  072B                     l2616:	
   748                           ;SERVO MOTOR.c: 10: {
   749                           ;SERVO MOTOR.c: 11: PORTB = 0x01;
   750  072B  3001               	movlw	(01h)
   751  072C  1283               	bcf	status, 5	;RP0=0, select bank0
   752  072D  1303               	bcf	status, 6	;RP1=0, select bank0
   753  072E  0086               	movwf	(6)	;volatile
   754                           	line	12
   755                           ;SERVO MOTOR.c: 12: _delay((unsigned long)((800)*(29e6/4000000.0)));
   756                           	opt asmopt_off
   757  072F  3008               movlw	8
   758  0730  00F1               movwf	((??_Rotation0+0)+0+1),f
   759  0731  3087               	movlw	135
   760  0732  00F0               movwf	((??_Rotation0+0)+0),f
   761  0733                     u2357:
   762  0733  0BF0               	decfsz	((??_Rotation0+0)+0),f
   763  0734  2F33               	goto	u2357
   764  0735  0BF1               	decfsz	((??_Rotation0+0)+0+1),f
   765  0736  2F33               	goto	u2357
   766                           opt asmopt_on
   767                           
   768                           	line	13
   769                           	
   770  0737                     l2618:	
   771                           ;SERVO MOTOR.c: 13: PORTB = 0x00;
   772  0737  1283               	bcf	status, 5	;RP0=0, select bank0
   773  0738  1303               	bcf	status, 6	;RP1=0, select bank0
   774  0739  0186               	clrf	(6)	;volatile
   775                           	line	14
   776                           	
   777  073A                     l2620:	
   778                           ;SERVO MOTOR.c: 14: _delay((unsigned long)((19200)*(29e6/4000000.0)));
   779                           	opt asmopt_off
   780  073A  30B5               movlw	181
   781  073B  00F1               movwf	((??_Rotation0+0)+0+1),f
   782  073C  30C6               	movlw	198
   783  073D  00F0               movwf	((??_Rotation0+0)+0),f
   784  073E                     u2367:
   785  073E  0BF0               	decfsz	((??_Rotation0+0)+0),f
   786  073F  2F3E               	goto	u2367
   787  0740  0BF1               	decfsz	((??_Rotation0+0)+0+1),f
   788  0741  2F3E               	goto	u2367
   789  0742  0064               	clrwdt
   790                           opt asmopt_on
   791                           
   792                           	line	9
   793                           	
   794  0743                     l2622:	
   795  0743  3001               	movlw	low(01h)
   796  0744  07F2               	addwf	(Rotation0@i),f
   797  0745  1803               	skipnc
   798  0746  0AF3               	incf	(Rotation0@i+1),f
   799  0747  3000               	movlw	high(01h)
   800  0748  07F3               	addwf	(Rotation0@i+1),f
   801                           	
   802  0749                     l2624:	
   803  0749  3000               	movlw	high(032h)
   804  074A  0273               	subwf	(Rotation0@i+1),w
   805  074B  3032               	movlw	low(032h)
   806  074C  1903               	skipnz
   807  074D  0272               	subwf	(Rotation0@i),w
   808  074E  1C03               	skipc
   809  074F  2F51               	goto	u2231
   810  0750  2F52               	goto	u2230
   811  0751                     u2231:
   812  0751  2F2B               	goto	l2616
   813  0752                     u2230:
   814  0752  2F53               	goto	l689
   815                           	
   816  0753                     l688:	
   817                           	line	16
   818                           	
   819  0753                     l689:	
   820  0753  0008               	return
   821                           	opt stack 0
   822                           GLOBAL	__end_of_Rotation0
   823  0754                     	__end_of_Rotation0:
   824 ;; =============== function _Rotation0 ends ============
   825                           
   826                           	signat	_Rotation0,88
   827                           psect	text104,local,class=CODE,delta=2
   828                           global __ptext104
   829  0000                     __ptext104:
   830                           	global	btemp
   831  007E                     	btemp set 07Eh
   832                           
   833                           	DABS	1,126,2	;btemp
   834                           	global	wtemp0
   835  007E                     	wtemp0 set btemp


HI-TECH Software PICC Macro Assembler V9.83 build 10920 
Symbol Table                                                                                   Wed Oct 24 16:13:59 2018

                  _RD 0C60                    _WR 0C61          Rotation180@i 0072                   l702 07C8  
                 l703 07FC                   l704 07FD                   l705 07FD                   l692 0761  
                 l693 0789                   l694 0789                   l687 072B                   l688 0753  
                 l689 0753                   l697 0797                   l698 07C0                   l699 07C0  
                 _GIE 005F                  l2610 071E                  l2620 073A                  l2612 0720  
                l2622 0743                  l2614 072A                  l2630 0760                  l2624 0749  
                l2616 072B                  l2640 077F                  l2632 0761                  l2618 0737  
                l2634 076D                  l2626 0754                  l2650 07A4                  l2642 078A  
                l2636 0770                  l2628 0756                  l2652 07A7                  l2644 078C  
                l2660 07C8                  l2638 0779                  l2654 07B0                  l2646 0796  
                l2670 07EF                  l2662 07CD                  l2656 07B6                  l2648 0797  
                l2664 07D9                  l2666 07DE                  l2658 07C1                  l2668 07EA  
                u2220 0729                  u2221 0728                  u2230 0752                  u2231 0751  
                u2240 075F                  u2241 075E                  u2250 0788                  u2251 0787  
                u2307 07F5                  u2260 0795                  u2317 079F                  u2261 0794  
                u2270 07BF                  u2271 07BE                  u2327 07AB                  u2337 0769  
                u2347 0774                  u2357 0733                  u2367 073E                  u2287 07D3  
                u2297 07E4                  _WREN 0C62                  _main 07C1                  btemp 007E  
                start 0000                 ?_main 0070                 _EEADR 010D                 _CARRY 0018  
               _PORTB 0006                 _TRISB 0086                 status 0003                 wtemp0 007E  
        __end_of_main 0800                ??_main 0074                _EEDATA 010C                _EECON1 018C  
              _EECON2 018D            _Rotation90 0754    __size_of_Rotation0 0036            Rotation0@i 0072  
       ??_Rotation180 0070        __pcstackCOMMON 0070            __pmaintext 07C1     __end_of_Rotation0 0754  
 __end_of_Rotation180 07C1           ?_Rotation90 0070  end_of_initialization 071A           _Rotation180 078A  
 __size_of_Rotation90 0036           Rotation90@i 0072   start_initialization 071A             _Rotation0 071E  
        ??_Rotation90 0070             __ptext100 0000             __ptext101 078A             __ptext102 0754  
           __ptext103 071E             __ptext104 0000    __end_of_Rotation90 078A            ?_Rotation0 0070  
        ?_Rotation180 0070           ??_Rotation0 0070         __size_of_main 003F  __size_of_Rotation180 0037  
